[2024-03-10 12:56:20,111: INFO: main: Welcome to logging]
[2024-03-10 13:34:49,585: INFO: common: yaml file: config/config.yaml loaded successfully]
[2024-03-10 13:34:49,593: INFO: common: yaml file: params.yaml loaded successfully]
[2024-03-10 13:36:00,022: INFO: common: yaml file: config/config.yaml loaded successfully]
[2024-03-10 13:36:00,031: INFO: common: yaml file: params.yaml loaded successfully]
[2024-03-10 13:36:12,888: INFO: common: yaml file: config/config.yaml loaded successfully]
[2024-03-10 13:36:12,890: INFO: common: yaml file: params.yaml loaded successfully]
[2024-03-10 13:38:09,773: INFO: common: yaml file: config/config.yaml loaded successfully]
[2024-03-10 13:38:09,775: INFO: common: yaml file: params.yaml loaded successfully]
[2024-03-10 13:38:40,916: INFO: common: yaml file: config/config.yaml loaded successfully]
[2024-03-10 13:38:40,919: INFO: common: yaml file: params.yaml loaded successfully]
[2024-03-10 13:38:40,921: INFO: common: yaml file: schema.yaml loaded successfully]
[2024-03-10 13:38:40,923: INFO: common: created directory at: artifacts]
[2024-03-10 13:38:40,923: INFO: common: created directory at: artifacts/data_ingestion]
[2024-03-10 13:39:16,289: INFO: common: yaml file: config/config.yaml loaded successfully]
[2024-03-10 13:39:16,292: INFO: common: yaml file: params.yaml loaded successfully]
[2024-03-10 13:39:16,294: INFO: common: yaml file: schema.yaml loaded successfully]
[2024-03-10 13:39:16,295: INFO: common: created directory at: artifacts]
[2024-03-10 13:39:16,295: INFO: common: created directory at: artifacts/data_ingestion]
[2024-03-10 13:39:16,296: INFO: 3970500505: File already exists of size: ~ 23 KB]
[2024-03-10 13:39:53,887: INFO: common: yaml file: config/config.yaml loaded successfully]
[2024-03-10 13:39:53,890: INFO: common: yaml file: params.yaml loaded successfully]
[2024-03-10 13:39:53,893: INFO: common: yaml file: schema.yaml loaded successfully]
[2024-03-10 13:39:53,894: INFO: common: created directory at: artifacts]
[2024-03-10 13:39:53,895: INFO: common: created directory at: artifacts/data_ingestion]
[2024-03-10 13:39:55,422: INFO: 3970500505: artifacts/data_ingestion/data.zip downnload! with following info: 
Connection: close
Content-Length: 23329
Cache-Control: max-age=300
Content-Security-Policy: default-src 'none'; style-src 'unsafe-inline'; sandbox
Content-Type: application/zip
ETag: "c69888a4ae59bc5a893392785a938ccd4937981c06ba8a9d6a21aa52b4ab5b6e"
Strict-Transport-Security: max-age=31536000
X-Content-Type-Options: nosniff
X-Frame-Options: deny
X-XSS-Protection: 1; mode=block
X-GitHub-Request-Id: 0E62:3223E5:1B6B03:2C5568:65ED8DB2
Accept-Ranges: bytes
Date: Sun, 10 Mar 2024 10:39:55 GMT
Via: 1.1 varnish
X-Served-By: cache-jnb7025-JNB
X-Cache: HIT
X-Cache-Hits: 1
X-Timer: S1710067196.625679,VS0,VE1
Vary: Authorization,Accept-Encoding,Origin
Access-Control-Allow-Origin: *
Cross-Origin-Resource-Policy: cross-origin
X-Fastly-Request-ID: f30bec3f10eeecd130f867d91ac95946afa69958
Expires: Sun, 10 Mar 2024 10:44:55 GMT
Source-Age: 72

]
[2024-03-10 13:41:17,143: INFO: common: yaml file: config/config.yaml loaded successfully]
[2024-03-10 13:41:17,144: INFO: common: yaml file: params.yaml loaded successfully]
[2024-03-10 13:41:17,146: INFO: common: yaml file: schema.yaml loaded successfully]
[2024-03-10 13:41:17,147: INFO: common: created directory at: artifacts]
[2024-03-10 13:41:17,148: INFO: common: created directory at: artifacts/data_ingestion]
[2024-03-10 13:41:18,102: INFO: 2625119488: artifacts/data_ingestion/data.zip downnload! with following info: 
Connection: close
Content-Length: 23329
Cache-Control: max-age=300
Content-Security-Policy: default-src 'none'; style-src 'unsafe-inline'; sandbox
Content-Type: application/zip
ETag: "c69888a4ae59bc5a893392785a938ccd4937981c06ba8a9d6a21aa52b4ab5b6e"
Strict-Transport-Security: max-age=31536000
X-Content-Type-Options: nosniff
X-Frame-Options: deny
X-XSS-Protection: 1; mode=block
X-GitHub-Request-Id: 0E62:3223E5:1B6B03:2C5568:65ED8DB2
Accept-Ranges: bytes
Date: Sun, 10 Mar 2024 10:41:18 GMT
Via: 1.1 varnish
X-Served-By: cache-jnb7020-JNB
X-Cache: HIT
X-Cache-Hits: 1
X-Timer: S1710067278.261420,VS0,VE0
Vary: Authorization,Accept-Encoding,Origin
Access-Control-Allow-Origin: *
Cross-Origin-Resource-Policy: cross-origin
X-Fastly-Request-ID: f2d095c7443b0ec650ca7cc55e0c9beb16395297
Expires: Sun, 10 Mar 2024 10:46:18 GMT
Source-Age: 155

]
[2024-03-10 13:51:10,834: INFO: main: >>>>>> stage Data Ingestion Stage started <<<<<<]
[2024-03-10 13:51:10,835: INFO: common: yaml file: config/config.yaml loaded successfully]
[2024-03-10 13:51:10,835: INFO: common: yaml file: params.yaml loaded successfully]
[2024-03-10 13:51:10,836: INFO: common: yaml file: schema.yaml loaded successfully]
[2024-03-10 13:51:10,836: INFO: common: created directory at: artifacts]
[2024-03-10 13:51:10,836: ERROR: main: 'ConfigurationManager' object has no attribute 'get_data_ingestion_config']
Traceback (most recent call last):
  File "main.py", line 9, in <module>
    obj.main()
  File "/Users/jobdulo/Documents/awsEC2_mlflow_mlops/src/awsec2_mlflow/pipeline/stage_01_data_ingestion.py", line 13, in main
    data_ingestion_config = config.get_data_ingestion_config()
AttributeError: 'ConfigurationManager' object has no attribute 'get_data_ingestion_config'
[2024-03-10 13:52:47,452: INFO: main: >>>>>> stage Data Ingestion Stage started <<<<<<]
[2024-03-10 13:52:47,453: INFO: common: yaml file: config/config.yaml loaded successfully]
[2024-03-10 13:52:47,453: INFO: common: yaml file: params.yaml loaded successfully]
[2024-03-10 13:52:47,453: INFO: common: yaml file: schema.yaml loaded successfully]
[2024-03-10 13:52:47,453: INFO: common: created directory at: artifacts]
[2024-03-10 13:52:47,453: INFO: common: created directory at: artifacts/data_ingestion]
[2024-03-10 13:52:49,607: INFO: data_ingestion: artifacts/data_ingestion/data.zip downnload! with following info: 
Connection: close
Content-Length: 23329
Cache-Control: max-age=300
Content-Security-Policy: default-src 'none'; style-src 'unsafe-inline'; sandbox
Content-Type: application/zip
ETag: "c69888a4ae59bc5a893392785a938ccd4937981c06ba8a9d6a21aa52b4ab5b6e"
Strict-Transport-Security: max-age=31536000
X-Content-Type-Options: nosniff
X-Frame-Options: deny
X-XSS-Protection: 1; mode=block
X-GitHub-Request-Id: 0E62:3223E5:1B6B03:2C5568:65ED8DB2
Accept-Ranges: bytes
Date: Sun, 10 Mar 2024 10:52:49 GMT
Via: 1.1 varnish
X-Served-By: cache-jnb7021-JNB
X-Cache: HIT
X-Cache-Hits: 1
X-Timer: S1710067970.526256,VS0,VE287
Vary: Authorization,Accept-Encoding,Origin
Access-Control-Allow-Origin: *
Cross-Origin-Resource-Policy: cross-origin
X-Fastly-Request-ID: f4d42ee8c6f59157ab8e445cc564ac372303bccd
Expires: Sun, 10 Mar 2024 10:57:49 GMT
Source-Age: 0

]
[2024-03-10 13:52:49,613: INFO: main: >>>>>> stage Data Ingestion Stage completed <<<<<<

x==========x]
[2024-03-10 13:56:58,777: INFO: main: >>>>>> stage Data Ingestion Stage started <<<<<<]
[2024-03-10 13:56:58,779: INFO: common: yaml file: config/config.yaml loaded successfully]
[2024-03-10 13:56:58,779: INFO: common: yaml file: params.yaml loaded successfully]
[2024-03-10 13:56:58,780: INFO: common: yaml file: schema.yaml loaded successfully]
[2024-03-10 13:56:58,780: INFO: common: created directory at: artifacts]
[2024-03-10 13:56:58,780: INFO: common: created directory at: artifacts/data_ingestion]
[2024-03-10 13:56:59,898: INFO: data_ingestion: artifacts/data_ingestion/data.zip downnload! with following info: 
Connection: close
Content-Length: 23329
Cache-Control: max-age=300
Content-Security-Policy: default-src 'none'; style-src 'unsafe-inline'; sandbox
Content-Type: application/zip
ETag: "c69888a4ae59bc5a893392785a938ccd4937981c06ba8a9d6a21aa52b4ab5b6e"
Strict-Transport-Security: max-age=31536000
X-Content-Type-Options: nosniff
X-Frame-Options: deny
X-XSS-Protection: 1; mode=block
X-GitHub-Request-Id: 0E62:3223E5:1B6B03:2C5568:65ED8DB2
Accept-Ranges: bytes
Date: Sun, 10 Mar 2024 10:57:00 GMT
Via: 1.1 varnish
X-Served-By: cache-jnb7020-JNB
X-Cache: HIT
X-Cache-Hits: 1
X-Timer: S1710068220.094784,VS0,VE1
Vary: Authorization,Accept-Encoding,Origin
Access-Control-Allow-Origin: *
Cross-Origin-Resource-Policy: cross-origin
X-Fastly-Request-ID: e18f5069933c5c6d9048512e436cfc5ed6e08fb0
Expires: Sun, 10 Mar 2024 11:02:00 GMT
Source-Age: 250

]
[2024-03-10 13:56:59,903: INFO: main: >>>>>> stage Data Ingestion Stage completed <<<<<<

x==========x]
[2024-03-10 18:43:58,580: INFO: common: yaml file: config/config.yaml loaded successfully]
[2024-03-10 18:43:58,587: INFO: common: yaml file: params.yaml loaded successfully]
[2024-03-10 18:43:58,589: INFO: common: yaml file: schema.yaml loaded successfully]
[2024-03-10 18:43:58,592: INFO: common: created directory at: artifacts]
[2024-03-10 18:43:58,596: INFO: common: created directory at: artifacts/data_validation]
[2024-03-10 18:45:42,318: INFO: common: yaml file: config/config.yaml loaded successfully]
[2024-03-10 18:45:42,320: INFO: common: yaml file: params.yaml loaded successfully]
[2024-03-10 18:45:42,322: INFO: common: yaml file: schema.yaml loaded successfully]
[2024-03-10 18:45:42,324: INFO: common: created directory at: artifacts]
[2024-03-10 18:45:42,325: INFO: common: created directory at: artifacts/data_validation]
[2024-03-10 18:46:26,766: INFO: common: yaml file: config/config.yaml loaded successfully]
[2024-03-10 18:46:26,769: INFO: common: yaml file: params.yaml loaded successfully]
[2024-03-10 18:46:26,772: INFO: common: yaml file: schema.yaml loaded successfully]
[2024-03-10 18:46:26,774: INFO: common: created directory at: artifacts]
[2024-03-10 18:46:26,775: INFO: common: created directory at: artifacts/data_validation]
[2024-03-10 18:46:57,705: INFO: common: yaml file: config/config.yaml loaded successfully]
[2024-03-10 18:46:57,707: INFO: common: yaml file: params.yaml loaded successfully]
[2024-03-10 18:46:57,711: INFO: common: yaml file: schema.yaml loaded successfully]
[2024-03-10 18:46:57,712: INFO: common: created directory at: artifacts]
[2024-03-10 18:46:57,713: INFO: common: created directory at: artifacts/data_validation]
[2024-03-10 18:57:19,304: INFO: utils: NumExpr defaulting to 8 threads.]
[2024-03-10 18:57:19,487: INFO: main: >>>>>> stage Data Ingestion Stage started <<<<<<]
[2024-03-10 18:57:19,489: INFO: common: yaml file: config/config.yaml loaded successfully]
[2024-03-10 18:57:19,489: INFO: common: yaml file: params.yaml loaded successfully]
[2024-03-10 18:57:19,490: INFO: common: yaml file: schema.yaml loaded successfully]
[2024-03-10 18:57:19,491: INFO: common: created directory at: artifacts]
[2024-03-10 18:57:19,491: INFO: common: created directory at: artifacts/data_ingestion]
[2024-03-10 18:57:21,309: INFO: data_ingestion: artifacts/data_ingestion/data.zip downnload! with following info: 
Connection: close
Content-Length: 23329
Cache-Control: max-age=300
Content-Security-Policy: default-src 'none'; style-src 'unsafe-inline'; sandbox
Content-Type: application/zip
ETag: "c69888a4ae59bc5a893392785a938ccd4937981c06ba8a9d6a21aa52b4ab5b6e"
Strict-Transport-Security: max-age=31536000
X-Content-Type-Options: nosniff
X-Frame-Options: deny
X-XSS-Protection: 1; mode=block
X-GitHub-Request-Id: C3BA:37C1B9:1A0D21:29A695:65EDD860
Accept-Ranges: bytes
Date: Sun, 10 Mar 2024 15:57:21 GMT
Via: 1.1 varnish
X-Served-By: cache-jnb7027-JNB
X-Cache: MISS
X-Cache-Hits: 0
X-Timer: S1710086241.926989,VS0,VE307
Vary: Authorization,Accept-Encoding,Origin
Access-Control-Allow-Origin: *
Cross-Origin-Resource-Policy: cross-origin
X-Fastly-Request-ID: e38839527a186efdc6ef7060029f530446d70a9e
Expires: Sun, 10 Mar 2024 16:02:21 GMT
Source-Age: 0

]
[2024-03-10 18:57:21,315: INFO: main: >>>>>> stage Data Ingestion Stage completed <<<<<<

x==========x]
[2024-03-10 18:57:21,315: INFO: main: >>>>>> stage Data Validation Stage started <<<<<<]
[2024-03-10 18:57:21,318: INFO: common: yaml file: config/config.yaml loaded successfully]
[2024-03-10 18:57:21,318: INFO: common: yaml file: params.yaml loaded successfully]
[2024-03-10 18:57:21,322: INFO: common: yaml file: schema.yaml loaded successfully]
[2024-03-10 18:57:21,322: INFO: common: created directory at: artifacts]
[2024-03-10 18:57:21,322: INFO: common: created directory at: artifacts/data_validation]
[2024-03-10 18:57:21,332: INFO: main: >>>>>> stage Data Validation Stage completed <<<<<<

x==========x]
[2024-03-10 19:05:37,070: INFO: utils: NumExpr defaulting to 8 threads.]
[2024-03-10 19:12:05,893: INFO: common: yaml file: config/config.yaml loaded successfully]
[2024-03-10 19:12:05,915: INFO: common: yaml file: params.yaml loaded successfully]
[2024-03-10 19:12:05,921: INFO: common: yaml file: schema.yaml loaded successfully]
[2024-03-10 19:12:05,924: INFO: common: created directory at: artifacts]
[2024-03-10 19:12:05,928: INFO: common: created directory at: artifacts/data_transformation]
[2024-03-10 19:13:13,435: INFO: common: yaml file: config/config.yaml loaded successfully]
[2024-03-10 19:13:13,438: INFO: common: yaml file: params.yaml loaded successfully]
[2024-03-10 19:13:13,441: INFO: common: yaml file: schema.yaml loaded successfully]
[2024-03-10 19:13:13,442: INFO: common: created directory at: artifacts]
[2024-03-10 19:13:13,444: INFO: common: created directory at: artifacts/data_transformation]
[2024-03-10 19:13:13,500: INFO: 3645377050: Splitted data into training and testing sets]
[2024-03-10 19:13:13,502: INFO: 3645377050: (1199, 12)]
[2024-03-10 19:13:13,505: INFO: 3645377050: (400, 12)]
[2024-03-10 19:24:35,012: INFO: utils: NumExpr defaulting to 8 threads.]
[2024-03-10 19:24:35,645: INFO: main: >>>>>> stage Data Ingestion Stage started <<<<<<]
[2024-03-10 19:24:35,647: INFO: common: yaml file: config/config.yaml loaded successfully]
[2024-03-10 19:24:35,647: INFO: common: yaml file: params.yaml loaded successfully]
[2024-03-10 19:24:35,648: INFO: common: yaml file: schema.yaml loaded successfully]
[2024-03-10 19:24:35,649: INFO: common: created directory at: artifacts]
[2024-03-10 19:24:35,649: INFO: common: created directory at: artifacts/data_ingestion]
[2024-03-10 19:24:37,121: INFO: data_ingestion: artifacts/data_ingestion/data.zip downnload! with following info: 
Connection: close
Content-Length: 23329
Cache-Control: max-age=300
Content-Security-Policy: default-src 'none'; style-src 'unsafe-inline'; sandbox
Content-Type: application/zip
ETag: "c69888a4ae59bc5a893392785a938ccd4937981c06ba8a9d6a21aa52b4ab5b6e"
Strict-Transport-Security: max-age=31536000
X-Content-Type-Options: nosniff
X-Frame-Options: deny
X-XSS-Protection: 1; mode=block
X-GitHub-Request-Id: C3BA:37C1B9:1A0D21:29A695:65EDD860
Accept-Ranges: bytes
Date: Sun, 10 Mar 2024 16:24:37 GMT
Via: 1.1 varnish
X-Served-By: cache-jnb7026-JNB
X-Cache: HIT
X-Cache-Hits: 1
X-Timer: S1710087877.012550,VS0,VE292
Vary: Authorization,Accept-Encoding,Origin
Access-Control-Allow-Origin: *
Cross-Origin-Resource-Policy: cross-origin
X-Fastly-Request-ID: a2d9801ace4d70311b8b9d9d908cd5c9a98ba0b4
Expires: Sun, 10 Mar 2024 16:29:37 GMT
Source-Age: 0

]
[2024-03-10 19:24:37,128: INFO: main: >>>>>> stage Data Ingestion Stage completed <<<<<<

x==========x]
[2024-03-10 19:24:37,128: INFO: main: >>>>>> stage Data Validation Stage started <<<<<<]
[2024-03-10 19:24:37,132: INFO: common: yaml file: config/config.yaml loaded successfully]
[2024-03-10 19:24:37,133: INFO: common: yaml file: params.yaml loaded successfully]
[2024-03-10 19:24:37,136: INFO: common: yaml file: schema.yaml loaded successfully]
[2024-03-10 19:24:37,136: INFO: common: created directory at: artifacts]
[2024-03-10 19:24:37,137: INFO: common: created directory at: artifacts/data_validation]
[2024-03-10 19:24:37,146: INFO: main: >>>>>> stage Data Validation Stage completed <<<<<<

x==========x]
[2024-03-10 19:24:37,146: INFO: main: >>>>>> stage Data Transformation Stage started <<<<<<]
[2024-03-10 19:24:37,147: ERROR: main: [Errno 2] No such file or directory: 'artifacts/data_validation.txt']
Traceback (most recent call last):
  File "main.py", line 33, in <module>
    obj.main()
  File "/Users/jobdulo/Documents/awsEC2_mlflow_mlops/src/awsec2_mlflow/pipeline/stage_03_data_transformation.py", line 26, in main
    raise(e)
  File "/Users/jobdulo/Documents/awsEC2_mlflow_mlops/src/awsec2_mlflow/pipeline/stage_03_data_transformation.py", line 15, in main
    with open(Path("artifacts/data_validation.txt"), "r") as f:
FileNotFoundError: [Errno 2] No such file or directory: 'artifacts/data_validation.txt'
[2024-03-10 19:25:28,106: INFO: utils: NumExpr defaulting to 8 threads.]
[2024-03-10 19:25:28,590: INFO: main: >>>>>> stage Data Ingestion Stage started <<<<<<]
[2024-03-10 19:25:28,591: INFO: common: yaml file: config/config.yaml loaded successfully]
[2024-03-10 19:25:28,592: INFO: common: yaml file: params.yaml loaded successfully]
[2024-03-10 19:25:28,593: INFO: common: yaml file: schema.yaml loaded successfully]
[2024-03-10 19:25:28,593: INFO: common: created directory at: artifacts]
[2024-03-10 19:25:28,593: INFO: common: created directory at: artifacts/data_ingestion]
[2024-03-10 19:25:29,342: INFO: data_ingestion: artifacts/data_ingestion/data.zip downnload! with following info: 
Connection: close
Content-Length: 23329
Cache-Control: max-age=300
Content-Security-Policy: default-src 'none'; style-src 'unsafe-inline'; sandbox
Content-Type: application/zip
ETag: "c69888a4ae59bc5a893392785a938ccd4937981c06ba8a9d6a21aa52b4ab5b6e"
Strict-Transport-Security: max-age=31536000
X-Content-Type-Options: nosniff
X-Frame-Options: deny
X-XSS-Protection: 1; mode=block
X-GitHub-Request-Id: C3BA:37C1B9:1A0D21:29A695:65EDD860
Accept-Ranges: bytes
Date: Sun, 10 Mar 2024 16:25:29 GMT
Via: 1.1 varnish
X-Served-By: cache-jnb7025-JNB
X-Cache: HIT
X-Cache-Hits: 1
X-Timer: S1710087930.545637,VS0,VE1
Vary: Authorization,Accept-Encoding,Origin
Access-Control-Allow-Origin: *
Cross-Origin-Resource-Policy: cross-origin
X-Fastly-Request-ID: 64dc71b1c6051cc3313a967c302873c111de6de7
Expires: Sun, 10 Mar 2024 16:30:29 GMT
Source-Age: 52

]
[2024-03-10 19:25:29,347: INFO: main: >>>>>> stage Data Ingestion Stage completed <<<<<<

x==========x]
[2024-03-10 19:25:29,347: INFO: main: >>>>>> stage Data Validation Stage started <<<<<<]
[2024-03-10 19:25:29,351: INFO: common: yaml file: config/config.yaml loaded successfully]
[2024-03-10 19:25:29,352: INFO: common: yaml file: params.yaml loaded successfully]
[2024-03-10 19:25:29,356: INFO: common: yaml file: schema.yaml loaded successfully]
[2024-03-10 19:25:29,356: INFO: common: created directory at: artifacts]
[2024-03-10 19:25:29,356: INFO: common: created directory at: artifacts/data_validation]
[2024-03-10 19:25:29,366: INFO: main: >>>>>> stage Data Validation Stage completed <<<<<<

x==========x]
[2024-03-10 19:25:29,367: INFO: main: >>>>>> stage Data Transformation Stage started <<<<<<]
[2024-03-10 19:25:29,369: INFO: common: yaml file: config/config.yaml loaded successfully]
[2024-03-10 19:25:29,370: INFO: common: yaml file: params.yaml loaded successfully]
[2024-03-10 19:25:29,372: INFO: common: yaml file: schema.yaml loaded successfully]
[2024-03-10 19:25:29,373: INFO: common: created directory at: artifacts]
[2024-03-10 19:25:29,373: INFO: common: created directory at: artifacts/data_transformation]
[2024-03-10 19:25:29,403: INFO: data_transformation: Splitted data into training and testing sets]
[2024-03-10 19:25:29,403: INFO: data_transformation: (1199, 12)]
[2024-03-10 19:25:29,403: INFO: data_transformation: (400, 12)]
[2024-03-10 19:25:29,404: INFO: main: >>>>>> stage Data Transformation Stage completed <<<<<<

x==========x]
